TN:
SF:/Users/georgeraymond/Desktop/code.../codefellows/data-structures-and-algorithms/stacksAndQueues/stacks-and-queues.js
FN:4,(anonymous_0)
FN:9,(anonymous_1)
FN:13,(anonymous_2)
FN:17,(anonymous_3)
FN:25,(anonymous_4)
FN:30,(anonymous_5)
FN:35,(anonymous_6)
FN:41,(anonymous_7)
FNF:8
FNH:4
FNDA:0,(anonymous_0)
FNDA:0,(anonymous_1)
FNDA:0,(anonymous_2)
FNDA:0,(anonymous_3)
FNDA:5,(anonymous_4)
FNDA:8,(anonymous_5)
FNDA:1,(anonymous_6)
FNDA:7,(anonymous_7)
DA:5,0
DA:6,0
DA:10,0
DA:15,0
DA:19,0
DA:26,5
DA:27,5
DA:31,8
DA:32,8
DA:36,1
DA:37,1
DA:38,1
DA:42,7
DA:48,1
LF:14
LH:9
BRF:0
BRH:0
end_of_record
