TN:
SF:/Users/georgeraymond/Desktop/code.../codefellows/data-structures-and-algorithms/tree-intersect/tree-intersection.js
FN:3,intersection
FN:7,(anonymous_1)
FN:18,addToHash
FN:22,hashContains
FN:34,(anonymous_4)
FN:41,(anonymous_5)
FNF:6
FNH:6
FNDA:6,intersection
FNDA:26,(anonymous_1)
FNDA:16,addToHash
FNDA:8,hashContains
FNDA:24,(anonymous_4)
FNDA:7,(anonymous_5)
DA:4,6
DA:5,6
DA:7,6
DA:8,26
DA:9,26
DA:10,12
DA:12,24
DA:13,6
DA:15,24
DA:19,16
DA:23,8
DA:24,4
DA:27,6
DA:28,4
DA:30,2
DA:35,24
DA:42,7
DA:47,1
LF:18
LH:18
BRDA:9,0,0,12
BRDA:9,0,1,12
BRDA:12,1,0,6
BRDA:12,1,1,18
BRDA:23,2,0,4
BRDA:23,2,1,4
BRF:6
BRH:6
end_of_record
