<?xml version="1.0" encoding="UTF-8"?>
<coverage generated="1545241808679" clover="3.2.0">
  <project timestamp="1545241808679" name="All files">
    <metrics statements="12" coveredstatements="12" conditionals="2" coveredconditionals="2" methods="1" coveredmethods="1" elements="15" coveredelements="15" complexity="0" loc="12" ncloc="12" packages="1" files="1" classes="1">
      <file name="array-shift.js" path="/Users/georgeraymond/Desktop/code.../codefellows/data-structures-and-algorithms/arrayShift/array-shift.js">
        <metrics statements="12" coveredstatements="12" conditionals="2" coveredconditionals="2" methods="1" coveredmethods="1"/>
        <line num="3" count="1" type="stmt"/>
        <line num="4" count="3" type="cond" truecount="2" falsecount="0"/>
        <line num="5" count="1" type="stmt"/>
        <line num="8" count="2" type="stmt"/>
        <line num="10" count="2" type="stmt"/>
        <line num="11" count="10" type="stmt"/>
        <line num="14" count="2" type="stmt"/>
        <line num="15" count="2" type="stmt"/>
        <line num="16" count="6" type="stmt"/>
        <line num="18" count="2" type="stmt"/>
        <line num="19" count="2" type="stmt"/>
        <line num="22" count="1" type="stmt"/>
      </file>
    </metrics>
  </project>
</coverage>
