{"/Users/georgeraymond/Desktop/code.../codefellows/data-structures-and-algorithms/arrayShift/array-shift.js": {"path":"/Users/georgeraymond/Desktop/code.../codefellows/data-structures-and-algorithms/arrayShift/array-shift.js","statementMap":{"0":{"start":{"line":3,"column":25},"end":{"line":20,"column":1}},"1":{"start":{"line":4,"column":4},"end":{"line":6,"column":5}},"2":{"start":{"line":5,"column":8},"end":{"line":5,"column":30}},"3":{"start":{"line":8,"column":17},"end":{"line":8,"column":19}},"4":{"start":{"line":10,"column":4},"end":{"line":12,"column":5}},"5":{"start":{"line":11,"column":8},"end":{"line":11,"column":29}},"6":{"start":{"line":14,"column":17},"end":{"line":14,"column":47}},"7":{"start":{"line":15,"column":4},"end":{"line":17,"column":5}},"8":{"start":{"line":16,"column":8},"end":{"line":16,"column":32}},"9":{"start":{"line":18,"column":4},"end":{"line":18,"column":27}},"10":{"start":{"line":19,"column":4},"end":{"line":19,"column":18}},"11":{"start":{"line":22,"column":0},"end":{"line":22,"column":34}}},"fnMap":{"0":{"name":"(anonymous_0)","decl":{"start":{"line":3,"column":25},"end":{"line":3,"column":26}},"loc":{"start":{"line":3,"column":42},"end":{"line":20,"column":1}},"line":3}},"branchMap":{"0":{"loc":{"start":{"line":4,"column":4},"end":{"line":6,"column":5}},"type":"if","locations":[{"start":{"line":4,"column":4},"end":{"line":6,"column":5}},{"start":{"line":4,"column":4},"end":{"line":6,"column":5}}],"line":4}},"s":{"0":1,"1":3,"2":1,"3":2,"4":2,"5":10,"6":2,"7":2,"8":6,"9":2,"10":2,"11":1},"f":{"0":3},"b":{"0":[1,2]},"_coverageSchema":"332fd63041d2c1bcb487cc26dd0d5f7d97098a6c","hash":"fa8a6e6ea4564761b0ffae279c1a718a214f1497"}
,"/Users/georgeraymond/Desktop/code.../codefellows/data-structures-and-algorithms/binarySearch/binary_search.js": {"path":"/Users/georgeraymond/Desktop/code.../codefellows/data-structures-and-algorithms/binarySearch/binary_search.js","statementMap":{"0":{"start":{"line":2,"column":21},"end":{"line":24,"column":1}},"1":{"start":{"line":3,"column":17},"end":{"line":3,"column":43}},"2":{"start":{"line":5,"column":4},"end":{"line":23,"column":5}},"3":{"start":{"line":6,"column":8},"end":{"line":10,"column":9}},"4":{"start":{"line":7,"column":12},"end":{"line":9,"column":13}},"5":{"start":{"line":8,"column":16},"end":{"line":8,"column":25}},"6":{"start":{"line":11,"column":8},"end":{"line":11,"column":18}},"7":{"start":{"line":12,"column":10},"end":{"line":23,"column":5}},"8":{"start":{"line":14,"column":8},"end":{"line":14,"column":29}},"9":{"start":{"line":15,"column":8},"end":{"line":21,"column":9}},"10":{"start":{"line":16,"column":12},"end":{"line":19,"column":13}},"11":{"start":{"line":17,"column":16},"end":{"line":17,"column":37}},"12":{"start":{"line":18,"column":16},"end":{"line":18,"column":25}},"13":{"start":{"line":22,"column":8},"end":{"line":22,"column":18}},"14":{"start":{"line":25,"column":0},"end":{"line":25,"column":30}}},"fnMap":{"0":{"name":"(anonymous_0)","decl":{"start":{"line":2,"column":21},"end":{"line":2,"column":22}},"loc":{"start":{"line":2,"column":34},"end":{"line":24,"column":1}},"line":2}},"branchMap":{"0":{"loc":{"start":{"line":5,"column":4},"end":{"line":23,"column":5}},"type":"if","locations":[{"start":{"line":5,"column":4},"end":{"line":23,"column":5}},{"start":{"line":5,"column":4},"end":{"line":23,"column":5}}],"line":5},"1":{"loc":{"start":{"line":7,"column":12},"end":{"line":9,"column":13}},"type":"if","locations":[{"start":{"line":7,"column":12},"end":{"line":9,"column":13}},{"start":{"line":7,"column":12},"end":{"line":9,"column":13}}],"line":7},"2":{"loc":{"start":{"line":12,"column":10},"end":{"line":23,"column":5}},"type":"if","locations":[{"start":{"line":12,"column":10},"end":{"line":23,"column":5}},{"start":{"line":12,"column":10},"end":{"line":23,"column":5}}],"line":12},"3":{"loc":{"start":{"line":16,"column":12},"end":{"line":19,"column":13}},"type":"if","locations":[{"start":{"line":16,"column":12},"end":{"line":19,"column":13}},{"start":{"line":16,"column":12},"end":{"line":19,"column":13}}],"line":16}},"s":{"0":1,"1":2,"2":2,"3":1,"4":2,"5":1,"6":0,"7":1,"8":1,"9":1,"10":3,"11":1,"12":1,"13":0,"14":1},"f":{"0":2},"b":{"0":[1,1],"1":[1,1],"2":[1,0],"3":[1,2]},"_coverageSchema":"332fd63041d2c1bcb487cc26dd0d5f7d97098a6c","hash":"50021c4cd37a637833a241031138a65326075fe3"}
,"/Users/georgeraymond/Desktop/code.../codefellows/data-structures-and-algorithms/fifoAnimalShelter/fifo-animal-shelter.js": {"path":"/Users/georgeraymond/Desktop/code.../codefellows/data-structures-and-algorithms/fifoAnimalShelter/fifo-animal-shelter.js","statementMap":{"0":{"start":{"line":5,"column":4},"end":{"line":5,"column":18}},"1":{"start":{"line":6,"column":4},"end":{"line":6,"column":18}},"2":{"start":{"line":9,"column":4},"end":{"line":13,"column":5}},"3":{"start":{"line":10,"column":6},"end":{"line":10,"column":31}},"4":{"start":{"line":11,"column":10},"end":{"line":13,"column":5}},"5":{"start":{"line":12,"column":6},"end":{"line":12,"column":30}},"6":{"start":{"line":16,"column":4},"end":{"line":22,"column":5}},"7":{"start":{"line":17,"column":6},"end":{"line":17,"column":28}},"8":{"start":{"line":18,"column":10},"end":{"line":22,"column":5}},"9":{"start":{"line":19,"column":6},"end":{"line":19,"column":28}},"10":{"start":{"line":21,"column":6},"end":{"line":21,"column":18}},"11":{"start":{"line":27,"column":0},"end":{"line":27,"column":31}}},"fnMap":{"0":{"name":"(anonymous_0)","decl":{"start":{"line":4,"column":2},"end":{"line":4,"column":3}},"loc":{"start":{"line":4,"column":16},"end":{"line":7,"column":3}},"line":4},"1":{"name":"(anonymous_1)","decl":{"start":{"line":8,"column":2},"end":{"line":8,"column":3}},"loc":{"start":{"line":8,"column":18},"end":{"line":14,"column":3}},"line":8},"2":{"name":"(anonymous_2)","decl":{"start":{"line":15,"column":2},"end":{"line":15,"column":3}},"loc":{"start":{"line":15,"column":15},"end":{"line":23,"column":3}},"line":15}},"branchMap":{"0":{"loc":{"start":{"line":9,"column":4},"end":{"line":13,"column":5}},"type":"if","locations":[{"start":{"line":9,"column":4},"end":{"line":13,"column":5}},{"start":{"line":9,"column":4},"end":{"line":13,"column":5}}],"line":9},"1":{"loc":{"start":{"line":11,"column":10},"end":{"line":13,"column":5}},"type":"if","locations":[{"start":{"line":11,"column":10},"end":{"line":13,"column":5}},{"start":{"line":11,"column":10},"end":{"line":13,"column":5}}],"line":11},"2":{"loc":{"start":{"line":16,"column":4},"end":{"line":22,"column":5}},"type":"if","locations":[{"start":{"line":16,"column":4},"end":{"line":22,"column":5}},{"start":{"line":16,"column":4},"end":{"line":22,"column":5}}],"line":16},"3":{"loc":{"start":{"line":18,"column":10},"end":{"line":22,"column":5}},"type":"if","locations":[{"start":{"line":18,"column":10},"end":{"line":22,"column":5}},{"start":{"line":18,"column":10},"end":{"line":22,"column":5}}],"line":18}},"s":{"0":5,"1":5,"2":12,"3":4,"4":8,"5":4,"6":5,"7":2,"8":3,"9":2,"10":1,"11":1},"f":{"0":5,"1":12,"2":5},"b":{"0":[4,8],"1":[4,4],"2":[2,3],"3":[2,1]},"_coverageSchema":"332fd63041d2c1bcb487cc26dd0d5f7d97098a6c","hash":"5fe64c27bced9bdbd140a2c91ed16936186bff68"}
,"/Users/georgeraymond/Desktop/code.../codefellows/data-structures-and-algorithms/linkedList/linked-list.js": {"path":"/Users/georgeraymond/Desktop/code.../codefellows/data-structures-and-algorithms/linkedList/linked-list.js","statementMap":{"0":{"start":{"line":2,"column":13},"end":{"line":2,"column":28}},"1":{"start":{"line":3,"column":13},"end":{"line":3,"column":36}},"2":{"start":{"line":7,"column":4},"end":{"line":7,"column":21}},"3":{"start":{"line":10,"column":15},"end":{"line":10,"column":30}},"4":{"start":{"line":11,"column":4},"end":{"line":14,"column":5}},"5":{"start":{"line":12,"column":6},"end":{"line":12,"column":23}},"6":{"start":{"line":13,"column":6},"end":{"line":13,"column":13}},"7":{"start":{"line":15,"column":18},"end":{"line":15,"column":27}},"8":{"start":{"line":16,"column":4},"end":{"line":19,"column":5}},"9":{"start":{"line":18,"column":6},"end":{"line":18,"column":29}},"10":{"start":{"line":20,"column":4},"end":{"line":20,"column":24}},"11":{"start":{"line":23,"column":18},"end":{"line":23,"column":27}},"12":{"start":{"line":24,"column":4},"end":{"line":29,"column":5}},"13":{"start":{"line":25,"column":6},"end":{"line":27,"column":7}},"14":{"start":{"line":26,"column":8},"end":{"line":26,"column":20}},"15":{"start":{"line":28,"column":6},"end":{"line":28,"column":29}},"16":{"start":{"line":30,"column":4},"end":{"line":34,"column":5}},"17":{"start":{"line":31,"column":6},"end":{"line":31,"column":18}},"18":{"start":{"line":32,"column":10},"end":{"line":34,"column":5}},"19":{"start":{"line":33,"column":6},"end":{"line":33,"column":19}},"20":{"start":{"line":37,"column":18},"end":{"line":37,"column":27}},"21":{"start":{"line":38,"column":4},"end":{"line":41,"column":5}},"22":{"start":{"line":39,"column":6},"end":{"line":39,"column":32}},"23":{"start":{"line":40,"column":6},"end":{"line":40,"column":29}},"24":{"start":{"line":42,"column":4},"end":{"line":42,"column":30}},"25":{"start":{"line":43,"column":4},"end":{"line":43,"column":16}},"26":{"start":{"line":46,"column":15},"end":{"line":46,"column":31}},"27":{"start":{"line":47,"column":18},"end":{"line":47,"column":27}},"28":{"start":{"line":48,"column":4},"end":{"line":56,"column":5}},"29":{"start":{"line":49,"column":6},"end":{"line":53,"column":7}},"30":{"start":{"line":50,"column":8},"end":{"line":50,"column":33}},"31":{"start":{"line":51,"column":8},"end":{"line":51,"column":28}},"32":{"start":{"line":52,"column":8},"end":{"line":52,"column":15}},"33":{"start":{"line":54,"column":6},"end":{"line":54,"column":29}},"34":{"start":{"line":57,"column":4},"end":{"line":57,"column":27}},"35":{"start":{"line":61,"column":15},"end":{"line":61,"column":31}},"36":{"start":{"line":62,"column":18},"end":{"line":62,"column":27}},"37":{"start":{"line":63,"column":4},"end":{"line":69,"column":5}},"38":{"start":{"line":64,"column":6},"end":{"line":67,"column":7}},"39":{"start":{"line":65,"column":8},"end":{"line":65,"column":32}},"40":{"start":{"line":66,"column":8},"end":{"line":66,"column":28}},"41":{"start":{"line":68,"column":6},"end":{"line":68,"column":29}},"42":{"start":{"line":70,"column":4},"end":{"line":70,"column":27}},"43":{"start":{"line":78,"column":19},"end":{"line":78,"column":35}},"44":{"start":{"line":79,"column":17},"end":{"line":79,"column":27}},"45":{"start":{"line":80,"column":17},"end":{"line":80,"column":27}},"46":{"start":{"line":81,"column":2},"end":{"line":81,"column":29}},"47":{"start":{"line":82,"column":2},"end":{"line":82,"column":27}},"48":{"start":{"line":83,"column":2},"end":{"line":83,"column":41}},"49":{"start":{"line":84,"column":2},"end":{"line":84,"column":31}},"50":{"start":{"line":85,"column":2},"end":{"line":85,"column":27}},"51":{"start":{"line":86,"column":2},"end":{"line":86,"column":27}},"52":{"start":{"line":88,"column":2},"end":{"line":95,"column":3}},"53":{"start":{"line":89,"column":4},"end":{"line":89,"column":31}},"54":{"start":{"line":90,"column":4},"end":{"line":90,"column":29}},"55":{"start":{"line":91,"column":4},"end":{"line":91,"column":33}},"56":{"start":{"line":92,"column":4},"end":{"line":92,"column":31}},"57":{"start":{"line":93,"column":4},"end":{"line":93,"column":29}},"58":{"start":{"line":94,"column":4},"end":{"line":94,"column":33}},"59":{"start":{"line":96,"column":2},"end":{"line":100,"column":3}},"60":{"start":{"line":97,"column":4},"end":{"line":97,"column":31}},"61":{"start":{"line":99,"column":4},"end":{"line":99,"column":31}},"62":{"start":{"line":101,"column":2},"end":{"line":101,"column":20}},"63":{"start":{"line":104,"column":11},"end":{"line":104,"column":25}},"64":{"start":{"line":105,"column":12},"end":{"line":105,"column":26}},"65":{"start":{"line":107,"column":0},"end":{"line":107,"column":20}},"66":{"start":{"line":108,"column":0},"end":{"line":108,"column":23}},"67":{"start":{"line":109,"column":0},"end":{"line":109,"column":21}},"68":{"start":{"line":110,"column":0},"end":{"line":110,"column":20}},"69":{"start":{"line":111,"column":0},"end":{"line":111,"column":21}},"70":{"start":{"line":112,"column":0},"end":{"line":112,"column":21}},"71":{"start":{"line":114,"column":0},"end":{"line":114,"column":21}},"72":{"start":{"line":115,"column":0},"end":{"line":115,"column":23}},"73":{"start":{"line":116,"column":0},"end":{"line":116,"column":20}},"74":{"start":{"line":117,"column":0},"end":{"line":117,"column":20}},"75":{"start":{"line":122,"column":0},"end":{"line":122,"column":38}}},"fnMap":{"0":{"name":"(anonymous_0)","decl":{"start":{"line":6,"column":2},"end":{"line":6,"column":3}},"loc":{"start":{"line":6,"column":15},"end":{"line":8,"column":3}},"line":6},"1":{"name":"(anonymous_1)","decl":{"start":{"line":9,"column":2},"end":{"line":9,"column":3}},"loc":{"start":{"line":9,"column":15},"end":{"line":21,"column":3}},"line":9},"2":{"name":"(anonymous_2)","decl":{"start":{"line":22,"column":2},"end":{"line":22,"column":3}},"loc":{"start":{"line":22,"column":18},"end":{"line":35,"column":3}},"line":22},"3":{"name":"(anonymous_3)","decl":{"start":{"line":36,"column":2},"end":{"line":36,"column":3}},"loc":{"start":{"line":36,"column":9},"end":{"line":44,"column":3}},"line":36},"4":{"name":"(anonymous_4)","decl":{"start":{"line":45,"column":2},"end":{"line":45,"column":3}},"loc":{"start":{"line":45,"column":26},"end":{"line":58,"column":3}},"line":45},"5":{"name":"(anonymous_5)","decl":{"start":{"line":60,"column":2},"end":{"line":60,"column":3}},"loc":{"start":{"line":60,"column":25},"end":{"line":71,"column":3}},"line":60},"6":{"name":"zipList","decl":{"start":{"line":77,"column":9},"end":{"line":77,"column":16}},"loc":{"start":{"line":77,"column":30},"end":{"line":102,"column":1}},"line":77}},"branchMap":{"0":{"loc":{"start":{"line":11,"column":4},"end":{"line":14,"column":5}},"type":"if","locations":[{"start":{"line":11,"column":4},"end":{"line":14,"column":5}},{"start":{"line":11,"column":4},"end":{"line":14,"column":5}}],"line":11},"1":{"loc":{"start":{"line":25,"column":6},"end":{"line":27,"column":7}},"type":"if","locations":[{"start":{"line":25,"column":6},"end":{"line":27,"column":7}},{"start":{"line":25,"column":6},"end":{"line":27,"column":7}}],"line":25},"2":{"loc":{"start":{"line":30,"column":4},"end":{"line":34,"column":5}},"type":"if","locations":[{"start":{"line":30,"column":4},"end":{"line":34,"column":5}},{"start":{"line":30,"column":4},"end":{"line":34,"column":5}}],"line":30},"3":{"loc":{"start":{"line":30,"column":7},"end":{"line":30,"column":47}},"type":"binary-expr","locations":[{"start":{"line":30,"column":7},"end":{"line":30,"column":29}},{"start":{"line":30,"column":33},"end":{"line":30,"column":47}}],"line":30},"4":{"loc":{"start":{"line":32,"column":10},"end":{"line":34,"column":5}},"type":"if","locations":[{"start":{"line":32,"column":10},"end":{"line":34,"column":5}},{"start":{"line":32,"column":10},"end":{"line":34,"column":5}}],"line":32},"5":{"loc":{"start":{"line":32,"column":14},"end":{"line":32,"column":54}},"type":"binary-expr","locations":[{"start":{"line":32,"column":14},"end":{"line":32,"column":28}},{"start":{"line":32,"column":32},"end":{"line":32,"column":54}}],"line":32},"6":{"loc":{"start":{"line":49,"column":6},"end":{"line":53,"column":7}},"type":"if","locations":[{"start":{"line":49,"column":6},"end":{"line":53,"column":7}},{"start":{"line":49,"column":6},"end":{"line":53,"column":7}}],"line":49},"7":{"loc":{"start":{"line":64,"column":6},"end":{"line":67,"column":7}},"type":"if","locations":[{"start":{"line":64,"column":6},"end":{"line":67,"column":7}},{"start":{"line":64,"column":6},"end":{"line":67,"column":7}}],"line":64},"8":{"loc":{"start":{"line":88,"column":8},"end":{"line":88,"column":38}},"type":"binary-expr","locations":[{"start":{"line":88,"column":8},"end":{"line":88,"column":21}},{"start":{"line":88,"column":25},"end":{"line":88,"column":38}}],"line":88},"9":{"loc":{"start":{"line":96,"column":2},"end":{"line":100,"column":3}},"type":"if","locations":[{"start":{"line":96,"column":2},"end":{"line":100,"column":3}},{"start":{"line":96,"column":2},"end":{"line":100,"column":3}}],"line":96}},"s":{"0":1,"1":1,"2":2,"3":10,"4":10,"5":2,"6":2,"7":8,"8":8,"9":12,"10":8,"11":0,"12":0,"13":0,"14":0,"15":0,"16":0,"17":0,"18":0,"19":0,"20":0,"21":0,"22":0,"23":0,"24":0,"25":0,"26":0,"27":0,"28":0,"29":0,"30":0,"31":0,"32":0,"33":0,"34":0,"35":0,"36":0,"37":0,"38":0,"39":0,"40":0,"41":0,"42":0,"43":0,"44":0,"45":0,"46":0,"47":0,"48":0,"49":0,"50":0,"51":0,"52":0,"53":0,"54":0,"55":0,"56":0,"57":0,"58":0,"59":0,"60":0,"61":0,"62":0,"63":1,"64":1,"65":1,"66":1,"67":1,"68":1,"69":1,"70":1,"71":1,"72":1,"73":1,"74":1,"75":1},"f":{"0":2,"1":10,"2":0,"3":0,"4":0,"5":0,"6":0},"b":{"0":[2,8],"1":[0,0],"2":[0,0],"3":[0,0],"4":[0,0],"5":[0,0],"6":[0,0],"7":[0,0],"8":[0,0],"9":[0,0]},"_coverageSchema":"332fd63041d2c1bcb487cc26dd0d5f7d97098a6c","hash":"380ae45ea224c60a3fe5f764bebfb3db591aef32"}
,"/Users/georgeraymond/Desktop/code.../codefellows/data-structures-and-algorithms/linkedList/class/Node.js": {"path":"/Users/georgeraymond/Desktop/code.../codefellows/data-structures-and-algorithms/linkedList/class/Node.js","statementMap":{"0":{"start":{"line":5,"column":4},"end":{"line":5,"column":22}},"1":{"start":{"line":6,"column":4},"end":{"line":6,"column":21}},"2":{"start":{"line":10,"column":0},"end":{"line":10,"column":22}}},"fnMap":{"0":{"name":"(anonymous_0)","decl":{"start":{"line":4,"column":2},"end":{"line":4,"column":3}},"loc":{"start":{"line":4,"column":20},"end":{"line":7,"column":3}},"line":4}},"branchMap":{},"s":{"0":10,"1":10,"2":1},"f":{"0":10},"b":{},"_coverageSchema":"332fd63041d2c1bcb487cc26dd0d5f7d97098a6c","hash":"f9561b20ce50cccfc769617c40771962e5e82993"}
,"/Users/georgeraymond/Desktop/code.../codefellows/data-structures-and-algorithms/multi-bracket-validation/multi-bracket-validation.js": {"path":"/Users/georgeraymond/Desktop/code.../codefellows/data-structures-and-algorithms/multi-bracket-validation/multi-bracket-validation.js","statementMap":{"0":{"start":{"line":4,"column":17},"end":{"line":4,"column":30}},"1":{"start":{"line":5,"column":49},"end":{"line":5,"column":57}},"2":{"start":{"line":6,"column":2},"end":{"line":39,"column":3}},"3":{"start":{"line":7,"column":4},"end":{"line":9,"column":5}},"4":{"start":{"line":8,"column":6},"end":{"line":8,"column":12}},"5":{"start":{"line":10,"column":20},"end":{"line":10,"column":36}},"6":{"start":{"line":11,"column":4},"end":{"line":38,"column":5}},"7":{"start":{"line":13,"column":6},"end":{"line":13,"column":14}},"8":{"start":{"line":14,"column":6},"end":{"line":14,"column":12}},"9":{"start":{"line":17,"column":6},"end":{"line":17,"column":15}},"10":{"start":{"line":18,"column":6},"end":{"line":18,"column":12}},"11":{"start":{"line":21,"column":6},"end":{"line":21,"column":12}},"12":{"start":{"line":22,"column":6},"end":{"line":22,"column":12}},"13":{"start":{"line":25,"column":6},"end":{"line":25,"column":15}},"14":{"start":{"line":26,"column":6},"end":{"line":26,"column":12}},"15":{"start":{"line":29,"column":6},"end":{"line":29,"column":14}},"16":{"start":{"line":30,"column":6},"end":{"line":30,"column":12}},"17":{"start":{"line":33,"column":6},"end":{"line":33,"column":15}},"18":{"start":{"line":34,"column":6},"end":{"line":34,"column":12}},"19":{"start":{"line":36,"column":6},"end":{"line":36,"column":12}},"20":{"start":{"line":40,"column":2},"end":{"line":44,"column":3}},"21":{"start":{"line":41,"column":4},"end":{"line":41,"column":16}},"22":{"start":{"line":43,"column":4},"end":{"line":43,"column":17}},"23":{"start":{"line":48,"column":0},"end":{"line":48,"column":40}}},"fnMap":{"0":{"name":"multiBracketValidation","decl":{"start":{"line":3,"column":9},"end":{"line":3,"column":31}},"loc":{"start":{"line":3,"column":40},"end":{"line":45,"column":1}},"line":3}},"branchMap":{"0":{"loc":{"start":{"line":7,"column":4},"end":{"line":9,"column":5}},"type":"if","locations":[{"start":{"line":7,"column":4},"end":{"line":9,"column":5}},{"start":{"line":7,"column":4},"end":{"line":9,"column":5}}],"line":7},"1":{"loc":{"start":{"line":7,"column":7},"end":{"line":7,"column":57}},"type":"binary-expr","locations":[{"start":{"line":7,"column":7},"end":{"line":7,"column":21}},{"start":{"line":7,"column":25},"end":{"line":7,"column":39}},{"start":{"line":7,"column":43},"end":{"line":7,"column":57}}],"line":7},"2":{"loc":{"start":{"line":11,"column":4},"end":{"line":38,"column":5}},"type":"switch","locations":[{"start":{"line":12,"column":4},"end":{"line":14,"column":12}},{"start":{"line":16,"column":4},"end":{"line":18,"column":12}},{"start":{"line":20,"column":4},"end":{"line":22,"column":12}},{"start":{"line":24,"column":4},"end":{"line":26,"column":12}},{"start":{"line":28,"column":4},"end":{"line":30,"column":12}},{"start":{"line":32,"column":4},"end":{"line":34,"column":12}},{"start":{"line":35,"column":4},"end":{"line":36,"column":12}}],"line":11},"3":{"loc":{"start":{"line":40,"column":2},"end":{"line":44,"column":3}},"type":"if","locations":[{"start":{"line":40,"column":2},"end":{"line":44,"column":3}},{"start":{"line":40,"column":2},"end":{"line":44,"column":3}}],"line":40},"4":{"loc":{"start":{"line":40,"column":5},"end":{"line":40,"column":61}},"type":"binary-expr","locations":[{"start":{"line":40,"column":5},"end":{"line":40,"column":21}},{"start":{"line":40,"column":25},"end":{"line":40,"column":41}},{"start":{"line":40,"column":45},"end":{"line":40,"column":61}}],"line":40}},"s":{"0":4,"1":4,"2":4,"3":74,"4":2,"5":72,"6":72,"7":7,"8":7,"9":7,"10":7,"11":0,"12":0,"13":0,"14":0,"15":0,"16":0,"17":1,"18":1,"19":57,"20":4,"21":1,"22":3,"23":1},"f":{"0":4},"b":{"0":[2,72],"1":[74,73,73],"2":[7,7,0,0,0,1,57],"3":[1,3],"4":[4,2,2]},"_coverageSchema":"332fd63041d2c1bcb487cc26dd0d5f7d97098a6c","hash":"d12df17589afd863caa96b942bc6d2e284d3de23"}
,"/Users/georgeraymond/Desktop/code.../codefellows/data-structures-and-algorithms/queueWithStacks/queue-with-stacks.js": {"path":"/Users/georgeraymond/Desktop/code.../codefellows/data-structures-and-algorithms/queueWithStacks/queue-with-stacks.js","statementMap":{"0":{"start":{"line":5,"column":4},"end":{"line":5,"column":29}},"1":{"start":{"line":6,"column":4},"end":{"line":6,"column":20}},"2":{"start":{"line":10,"column":4},"end":{"line":10,"column":30}},"3":{"start":{"line":11,"column":4},"end":{"line":11,"column":21}},"4":{"start":{"line":15,"column":16},"end":{"line":15,"column":34}},"5":{"start":{"line":16,"column":4},"end":{"line":16,"column":29}},"6":{"start":{"line":17,"column":4},"end":{"line":17,"column":17}},"7":{"start":{"line":21,"column":4},"end":{"line":21,"column":20}},"8":{"start":{"line":29,"column":4},"end":{"line":29,"column":32}},"9":{"start":{"line":30,"column":4},"end":{"line":30,"column":32}},"10":{"start":{"line":35,"column":4},"end":{"line":35,"column":30}},"11":{"start":{"line":39,"column":24},"end":{"line":39,"column":26}},"12":{"start":{"line":40,"column":4},"end":{"line":42,"column":5}},"13":{"start":{"line":41,"column":6},"end":{"line":41,"column":46}},"14":{"start":{"line":43,"column":4},"end":{"line":43,"column":40}},"15":{"start":{"line":44,"column":4},"end":{"line":46,"column":5}},"16":{"start":{"line":45,"column":6},"end":{"line":45,"column":46}},"17":{"start":{"line":47,"column":4},"end":{"line":47,"column":25}},"18":{"start":{"line":53,"column":0},"end":{"line":53,"column":29}}},"fnMap":{"0":{"name":"(anonymous_0)","decl":{"start":{"line":4,"column":2},"end":{"line":4,"column":3}},"loc":{"start":{"line":4,"column":16},"end":{"line":7,"column":3}},"line":4},"1":{"name":"(anonymous_1)","decl":{"start":{"line":9,"column":2},"end":{"line":9,"column":3}},"loc":{"start":{"line":9,"column":14},"end":{"line":12,"column":3}},"line":9},"2":{"name":"(anonymous_2)","decl":{"start":{"line":14,"column":2},"end":{"line":14,"column":3}},"loc":{"start":{"line":14,"column":8},"end":{"line":18,"column":3}},"line":14},"3":{"name":"(anonymous_3)","decl":{"start":{"line":20,"column":2},"end":{"line":20,"column":3}},"loc":{"start":{"line":20,"column":9},"end":{"line":22,"column":3}},"line":20},"4":{"name":"(anonymous_4)","decl":{"start":{"line":28,"column":2},"end":{"line":28,"column":3}},"loc":{"start":{"line":28,"column":16},"end":{"line":32,"column":3}},"line":28},"5":{"name":"(anonymous_5)","decl":{"start":{"line":34,"column":2},"end":{"line":34,"column":3}},"loc":{"start":{"line":34,"column":16},"end":{"line":36,"column":3}},"line":34},"6":{"name":"(anonymous_6)","decl":{"start":{"line":38,"column":2},"end":{"line":38,"column":3}},"loc":{"start":{"line":38,"column":11},"end":{"line":48,"column":3}},"line":38}},"branchMap":{},"s":{"0":8,"1":8,"2":47,"3":47,"4":46,"5":46,"6":46,"7":0,"8":4,"9":4,"10":11,"11":10,"12":10,"13":23,"14":10,"15":10,"16":13,"17":10,"18":1},"f":{"0":8,"1":47,"2":46,"3":0,"4":4,"5":11,"6":10},"b":{},"_coverageSchema":"332fd63041d2c1bcb487cc26dd0d5f7d97098a6c","hash":"5517c836ad3a75ef49df30b30cc2618ee8c7672b"}
,"/Users/georgeraymond/Desktop/code.../codefellows/data-structures-and-algorithms/quick-sort/quick-sort.js": {"path":"/Users/georgeraymond/Desktop/code.../codefellows/data-structures-and-algorithms/quick-sort/quick-sort.js","statementMap":{"0":{"start":{"line":4,"column":2},"end":{"line":24,"column":3}},"1":{"start":{"line":5,"column":4},"end":{"line":5,"column":15}},"2":{"start":{"line":8,"column":16},"end":{"line":8,"column":25}},"3":{"start":{"line":9,"column":15},"end":{"line":9,"column":17}},"4":{"start":{"line":10,"column":16},"end":{"line":10,"column":18}},"5":{"start":{"line":11,"column":19},"end":{"line":11,"column":21}},"6":{"start":{"line":12,"column":17},"end":{"line":12,"column":27}},"7":{"start":{"line":14,"column":4},"end":{"line":20,"column":5}},"8":{"start":{"line":15,"column":6},"end":{"line":19,"column":7}},"9":{"start":{"line":16,"column":8},"end":{"line":16,"column":26}},"10":{"start":{"line":18,"column":8},"end":{"line":18,"column":27}},"11":{"start":{"line":22,"column":4},"end":{"line":22,"column":69}},"12":{"start":{"line":28,"column":13},"end":{"line":28,"column":35}},"13":{"start":{"line":30,"column":0},"end":{"line":30,"column":31}},"14":{"start":{"line":32,"column":0},"end":{"line":32,"column":27}}},"fnMap":{"0":{"name":"quickSort","decl":{"start":{"line":3,"column":9},"end":{"line":3,"column":18}},"loc":{"start":{"line":3,"column":23},"end":{"line":26,"column":1}},"line":3}},"branchMap":{"0":{"loc":{"start":{"line":4,"column":2},"end":{"line":24,"column":3}},"type":"if","locations":[{"start":{"line":4,"column":2},"end":{"line":24,"column":3}},{"start":{"line":4,"column":2},"end":{"line":24,"column":3}}],"line":4},"1":{"loc":{"start":{"line":15,"column":6},"end":{"line":19,"column":7}},"type":"if","locations":[{"start":{"line":15,"column":6},"end":{"line":19,"column":7}},{"start":{"line":15,"column":6},"end":{"line":19,"column":7}}],"line":15}},"s":{"0":16,"1":9,"2":7,"3":7,"4":7,"5":7,"6":7,"7":7,"8":18,"9":9,"10":9,"11":7,"12":1,"13":1,"14":1},"f":{"0":16},"b":{"0":[9,7],"1":[9,9]},"_coverageSchema":"332fd63041d2c1bcb487cc26dd0d5f7d97098a6c","hash":"2e9803e0e17e9c841d488aed49b4d7c448c4eb3e"}
,"/Users/georgeraymond/Desktop/code.../codefellows/data-structures-and-algorithms/stacksAndQueues/stacks-and-queues.js": {"path":"/Users/georgeraymond/Desktop/code.../codefellows/data-structures-and-algorithms/stacksAndQueues/stacks-and-queues.js","statementMap":{"0":{"start":{"line":7,"column":4},"end":{"line":7,"column":23}},"1":{"start":{"line":8,"column":4},"end":{"line":8,"column":21}},"2":{"start":{"line":17,"column":4},"end":{"line":17,"column":20}},"3":{"start":{"line":22,"column":15},"end":{"line":22,"column":30}},"4":{"start":{"line":24,"column":4},"end":{"line":27,"column":5}},"5":{"start":{"line":25,"column":6},"end":{"line":25,"column":22}},"6":{"start":{"line":26,"column":6},"end":{"line":26,"column":13}},"7":{"start":{"line":29,"column":4},"end":{"line":29,"column":25}},"8":{"start":{"line":30,"column":4},"end":{"line":30,"column":20}},"9":{"start":{"line":36,"column":4},"end":{"line":40,"column":5}},"10":{"start":{"line":38,"column":6},"end":{"line":38,"column":45}},"11":{"start":{"line":42,"column":19},"end":{"line":42,"column":27}},"12":{"start":{"line":43,"column":4},"end":{"line":43,"column":29}},"13":{"start":{"line":44,"column":4},"end":{"line":44,"column":26}},"14":{"start":{"line":50,"column":4},"end":{"line":54,"column":5}},"15":{"start":{"line":52,"column":6},"end":{"line":52,"column":44}},"16":{"start":{"line":56,"column":4},"end":{"line":56,"column":26}},"17":{"start":{"line":64,"column":4},"end":{"line":64,"column":22}},"18":{"start":{"line":65,"column":4},"end":{"line":65,"column":21}},"19":{"start":{"line":70,"column":17},"end":{"line":70,"column":32}},"20":{"start":{"line":72,"column":4},"end":{"line":78,"column":5}},"21":{"start":{"line":74,"column":6},"end":{"line":74,"column":24}},"22":{"start":{"line":75,"column":6},"end":{"line":75,"column":23}},"23":{"start":{"line":76,"column":6},"end":{"line":76,"column":13}},"24":{"start":{"line":80,"column":4},"end":{"line":80,"column":26}},"25":{"start":{"line":81,"column":4},"end":{"line":81,"column":21}},"26":{"start":{"line":87,"column":4},"end":{"line":89,"column":5}},"27":{"start":{"line":88,"column":6},"end":{"line":88,"column":40}},"28":{"start":{"line":91,"column":21},"end":{"line":91,"column":37}},"29":{"start":{"line":93,"column":4},"end":{"line":102,"column":5}},"30":{"start":{"line":95,"column":6},"end":{"line":95,"column":24}},"31":{"start":{"line":96,"column":6},"end":{"line":96,"column":23}},"32":{"start":{"line":100,"column":6},"end":{"line":100,"column":35}},"33":{"start":{"line":104,"column":4},"end":{"line":104,"column":20}},"34":{"start":{"line":110,"column":4},"end":{"line":112,"column":5}},"35":{"start":{"line":111,"column":6},"end":{"line":111,"column":37}},"36":{"start":{"line":114,"column":4},"end":{"line":114,"column":28}},"37":{"start":{"line":119,"column":0},"end":{"line":119,"column":36}}},"fnMap":{"0":{"name":"(anonymous_0)","decl":{"start":{"line":6,"column":2},"end":{"line":6,"column":3}},"loc":{"start":{"line":6,"column":20},"end":{"line":9,"column":3}},"line":6},"1":{"name":"(anonymous_1)","decl":{"start":{"line":16,"column":2},"end":{"line":16,"column":3}},"loc":{"start":{"line":16,"column":15},"end":{"line":18,"column":3}},"line":16},"2":{"name":"(anonymous_2)","decl":{"start":{"line":20,"column":2},"end":{"line":20,"column":3}},"loc":{"start":{"line":20,"column":13},"end":{"line":32,"column":3}},"line":20},"3":{"name":"(anonymous_3)","decl":{"start":{"line":34,"column":2},"end":{"line":34,"column":3}},"loc":{"start":{"line":34,"column":7},"end":{"line":46,"column":3}},"line":34},"4":{"name":"(anonymous_4)","decl":{"start":{"line":48,"column":2},"end":{"line":48,"column":3}},"loc":{"start":{"line":48,"column":8},"end":{"line":58,"column":3}},"line":48},"5":{"name":"(anonymous_5)","decl":{"start":{"line":63,"column":2},"end":{"line":63,"column":3}},"loc":{"start":{"line":63,"column":15},"end":{"line":66,"column":3}},"line":63},"6":{"name":"(anonymous_6)","decl":{"start":{"line":68,"column":2},"end":{"line":68,"column":3}},"loc":{"start":{"line":68,"column":17},"end":{"line":83,"column":3}},"line":68},"7":{"name":"(anonymous_7)","decl":{"start":{"line":85,"column":2},"end":{"line":85,"column":3}},"loc":{"start":{"line":85,"column":12},"end":{"line":106,"column":3}},"line":85},"8":{"name":"(anonymous_8)","decl":{"start":{"line":108,"column":2},"end":{"line":108,"column":3}},"loc":{"start":{"line":108,"column":9},"end":{"line":116,"column":3}},"line":108}},"branchMap":{"0":{"loc":{"start":{"line":24,"column":4},"end":{"line":27,"column":5}},"type":"if","locations":[{"start":{"line":24,"column":4},"end":{"line":27,"column":5}},{"start":{"line":24,"column":4},"end":{"line":27,"column":5}}],"line":24},"1":{"loc":{"start":{"line":36,"column":4},"end":{"line":40,"column":5}},"type":"if","locations":[{"start":{"line":36,"column":4},"end":{"line":40,"column":5}},{"start":{"line":36,"column":4},"end":{"line":40,"column":5}}],"line":36},"2":{"loc":{"start":{"line":50,"column":4},"end":{"line":54,"column":5}},"type":"if","locations":[{"start":{"line":50,"column":4},"end":{"line":54,"column":5}},{"start":{"line":50,"column":4},"end":{"line":54,"column":5}}],"line":50},"3":{"loc":{"start":{"line":72,"column":4},"end":{"line":78,"column":5}},"type":"if","locations":[{"start":{"line":72,"column":4},"end":{"line":78,"column":5}},{"start":{"line":72,"column":4},"end":{"line":78,"column":5}}],"line":72},"4":{"loc":{"start":{"line":87,"column":4},"end":{"line":89,"column":5}},"type":"if","locations":[{"start":{"line":87,"column":4},"end":{"line":89,"column":5}},{"start":{"line":87,"column":4},"end":{"line":89,"column":5}}],"line":87},"5":{"loc":{"start":{"line":93,"column":4},"end":{"line":102,"column":5}},"type":"if","locations":[{"start":{"line":93,"column":4},"end":{"line":102,"column":5}},{"start":{"line":93,"column":4},"end":{"line":102,"column":5}}],"line":93},"6":{"loc":{"start":{"line":110,"column":4},"end":{"line":112,"column":5}},"type":"if","locations":[{"start":{"line":110,"column":4},"end":{"line":112,"column":5}},{"start":{"line":110,"column":4},"end":{"line":112,"column":5}}],"line":110}},"s":{"0":5,"1":5,"2":0,"3":0,"4":0,"5":0,"6":0,"7":0,"8":0,"9":0,"10":0,"11":0,"12":0,"13":0,"14":0,"15":0,"16":0,"17":0,"18":0,"19":0,"20":0,"21":0,"22":0,"23":0,"24":0,"25":0,"26":0,"27":0,"28":0,"29":0,"30":0,"31":0,"32":0,"33":0,"34":0,"35":0,"36":0,"37":1},"f":{"0":5,"1":0,"2":0,"3":0,"4":0,"5":0,"6":0,"7":0,"8":0},"b":{"0":[0,0],"1":[0,0],"2":[0,0],"3":[0,0],"4":[0,0],"5":[0,0],"6":[0,0]},"_coverageSchema":"332fd63041d2c1bcb487cc26dd0d5f7d97098a6c","hash":"900ce3e9ce95b6881d917d839818a0e3a29acd84"}
,"/Users/georgeraymond/Desktop/code.../codefellows/data-structures-and-algorithms/tree-intersect/tree-intersection.js": {"path":"/Users/georgeraymond/Desktop/code.../codefellows/data-structures-and-algorithms/tree-intersect/tree-intersection.js","statementMap":{"0":{"start":{"line":4,"column":19},"end":{"line":4,"column":21}},"1":{"start":{"line":5,"column":19},"end":{"line":5,"column":21}},"2":{"start":{"line":7,"column":14},"end":{"line":16,"column":3}},"3":{"start":{"line":8,"column":18},"end":{"line":8,"column":22}},"4":{"start":{"line":9,"column":4},"end":{"line":11,"column":5}},"5":{"start":{"line":10,"column":6},"end":{"line":10,"column":26}},"6":{"start":{"line":12,"column":4},"end":{"line":14,"column":5}},"7":{"start":{"line":13,"column":6},"end":{"line":13,"column":29}},"8":{"start":{"line":15,"column":4},"end":{"line":15,"column":45}},"9":{"start":{"line":19,"column":4},"end":{"line":19,"column":20}},"10":{"start":{"line":23,"column":4},"end":{"line":25,"column":5}},"11":{"start":{"line":24,"column":6},"end":{"line":24,"column":24}},"12":{"start":{"line":27,"column":2},"end":{"line":27,"column":29}},"13":{"start":{"line":28,"column":2},"end":{"line":28,"column":32}},"14":{"start":{"line":30,"column":2},"end":{"line":30,"column":20}},"15":{"start":{"line":35,"column":4},"end":{"line":37,"column":21}},"16":{"start":{"line":42,"column":4},"end":{"line":42,"column":22}},"17":{"start":{"line":47,"column":0},"end":{"line":47,"column":50}}},"fnMap":{"0":{"name":"intersection","decl":{"start":{"line":3,"column":9},"end":{"line":3,"column":21}},"loc":{"start":{"line":3,"column":35},"end":{"line":31,"column":1}},"line":3},"1":{"name":"(anonymous_1)","decl":{"start":{"line":7,"column":14},"end":{"line":7,"column":15}},"loc":{"start":{"line":7,"column":27},"end":{"line":16,"column":3}},"line":7},"2":{"name":"addToHash","decl":{"start":{"line":18,"column":13},"end":{"line":18,"column":22}},"loc":{"start":{"line":18,"column":33},"end":{"line":20,"column":3}},"line":18},"3":{"name":"hashContains","decl":{"start":{"line":22,"column":11},"end":{"line":22,"column":23}},"loc":{"start":{"line":22,"column":40},"end":{"line":26,"column":3}},"line":22},"4":{"name":"(anonymous_4)","decl":{"start":{"line":34,"column":2},"end":{"line":34,"column":3}},"loc":{"start":{"line":34,"column":20},"end":{"line":38,"column":3}},"line":34},"5":{"name":"(anonymous_5)","decl":{"start":{"line":41,"column":2},"end":{"line":41,"column":3}},"loc":{"start":{"line":41,"column":20},"end":{"line":43,"column":3}},"line":41}},"branchMap":{"0":{"loc":{"start":{"line":9,"column":4},"end":{"line":11,"column":5}},"type":"if","locations":[{"start":{"line":9,"column":4},"end":{"line":11,"column":5}},{"start":{"line":9,"column":4},"end":{"line":11,"column":5}}],"line":9},"1":{"loc":{"start":{"line":12,"column":4},"end":{"line":14,"column":5}},"type":"if","locations":[{"start":{"line":12,"column":4},"end":{"line":14,"column":5}},{"start":{"line":12,"column":4},"end":{"line":14,"column":5}}],"line":12},"2":{"loc":{"start":{"line":23,"column":4},"end":{"line":25,"column":5}},"type":"if","locations":[{"start":{"line":23,"column":4},"end":{"line":25,"column":5}},{"start":{"line":23,"column":4},"end":{"line":25,"column":5}}],"line":23}},"s":{"0":6,"1":6,"2":6,"3":26,"4":26,"5":12,"6":24,"7":6,"8":24,"9":16,"10":8,"11":4,"12":6,"13":4,"14":2,"15":24,"16":7,"17":1},"f":{"0":6,"1":26,"2":16,"3":8,"4":24,"5":7},"b":{"0":[12,12],"1":[6,18],"2":[4,4]},"_coverageSchema":"332fd63041d2c1bcb487cc26dd0d5f7d97098a6c","hash":"4faa4f092445d171701384d99a49546029264be1"}
}
