TN:
SF:/Users/georgeraymond/Desktop/code.../codefellows/data-structures-and-algorithms/arrayShift/array-shift.js
FN:3,(anonymous_0)
FNF:1
FNH:1
FNDA:3,(anonymous_0)
DA:3,1
DA:4,3
DA:5,1
DA:8,2
DA:10,2
DA:11,10
DA:14,2
DA:15,2
DA:16,6
DA:18,2
DA:19,2
DA:22,1
LF:12
LH:12
BRDA:4,0,0,1
BRDA:4,0,1,2
BRF:2
BRH:2
end_of_record
TN:
SF:/Users/georgeraymond/Desktop/code.../codefellows/data-structures-and-algorithms/binarySearch/binary_search.js
FN:2,(anonymous_0)
FNF:1
FNH:1
FNDA:2,(anonymous_0)
DA:2,1
DA:3,2
DA:5,2
DA:6,1
DA:7,2
DA:8,1
DA:11,0
DA:12,1
DA:14,1
DA:15,1
DA:16,3
DA:17,1
DA:18,1
DA:22,0
DA:25,1
LF:15
LH:13
BRDA:5,0,0,1
BRDA:5,0,1,1
BRDA:7,1,0,1
BRDA:7,1,1,1
BRDA:12,2,0,1
BRDA:12,2,1,0
BRDA:16,3,0,1
BRDA:16,3,1,2
BRF:8
BRH:7
end_of_record
TN:
SF:/Users/georgeraymond/Desktop/code.../codefellows/data-structures-and-algorithms/fifoAnimalShelter/fifo-animal-shelter.js
FN:4,(anonymous_0)
FN:8,(anonymous_1)
FN:15,(anonymous_2)
FNF:3
FNH:3
FNDA:5,(anonymous_0)
FNDA:12,(anonymous_1)
FNDA:5,(anonymous_2)
DA:5,5
DA:6,5
DA:9,12
DA:10,4
DA:11,8
DA:12,4
DA:16,5
DA:17,2
DA:18,3
DA:19,2
DA:21,1
DA:27,1
LF:12
LH:12
BRDA:9,0,0,4
BRDA:9,0,1,8
BRDA:11,1,0,4
BRDA:11,1,1,4
BRDA:16,2,0,2
BRDA:16,2,1,3
BRDA:18,3,0,2
BRDA:18,3,1,1
BRF:8
BRH:8
end_of_record
TN:
SF:/Users/georgeraymond/Desktop/code.../codefellows/data-structures-and-algorithms/linkedList/linked-list.js
FN:6,(anonymous_0)
FN:9,(anonymous_1)
FN:22,(anonymous_2)
FN:36,(anonymous_3)
FN:45,(anonymous_4)
FN:60,(anonymous_5)
FN:77,zipList
FNF:7
FNH:2
FNDA:2,(anonymous_0)
FNDA:10,(anonymous_1)
FNDA:0,(anonymous_2)
FNDA:0,(anonymous_3)
FNDA:0,(anonymous_4)
FNDA:0,(anonymous_5)
FNDA:0,zipList
DA:2,1
DA:3,1
DA:7,2
DA:10,10
DA:11,10
DA:12,2
DA:13,2
DA:15,8
DA:16,8
DA:18,12
DA:20,8
DA:23,0
DA:24,0
DA:25,0
DA:26,0
DA:28,0
DA:30,0
DA:31,0
DA:32,0
DA:33,0
DA:37,0
DA:38,0
DA:39,0
DA:40,0
DA:42,0
DA:43,0
DA:46,0
DA:47,0
DA:48,0
DA:49,0
DA:50,0
DA:51,0
DA:52,0
DA:54,0
DA:57,0
DA:61,0
DA:62,0
DA:63,0
DA:64,0
DA:65,0
DA:66,0
DA:68,0
DA:70,0
DA:78,0
DA:79,0
DA:80,0
DA:81,0
DA:82,0
DA:83,0
DA:84,0
DA:85,0
DA:86,0
DA:88,0
DA:89,0
DA:90,0
DA:91,0
DA:92,0
DA:93,0
DA:94,0
DA:96,0
DA:97,0
DA:99,0
DA:101,0
DA:104,1
DA:105,1
DA:107,1
DA:108,1
DA:109,1
DA:110,1
DA:111,1
DA:112,1
DA:114,1
DA:115,1
DA:116,1
DA:117,1
DA:122,1
LF:76
LH:24
BRDA:11,0,0,2
BRDA:11,0,1,8
BRDA:25,1,0,0
BRDA:25,1,1,0
BRDA:30,2,0,0
BRDA:30,2,1,0
BRDA:30,3,0,0
BRDA:30,3,1,0
BRDA:32,4,0,0
BRDA:32,4,1,0
BRDA:32,5,0,0
BRDA:32,5,1,0
BRDA:49,6,0,0
BRDA:49,6,1,0
BRDA:64,7,0,0
BRDA:64,7,1,0
BRDA:88,8,0,0
BRDA:88,8,1,0
BRDA:96,9,0,0
BRDA:96,9,1,0
BRF:20
BRH:2
end_of_record
TN:
SF:/Users/georgeraymond/Desktop/code.../codefellows/data-structures-and-algorithms/linkedList/class/Node.js
FN:4,(anonymous_0)
FNF:1
FNH:1
FNDA:10,(anonymous_0)
DA:5,10
DA:6,10
DA:10,1
LF:3
LH:3
BRF:0
BRH:0
end_of_record
TN:
SF:/Users/georgeraymond/Desktop/code.../codefellows/data-structures-and-algorithms/multi-bracket-validation/multi-bracket-validation.js
FN:3,multiBracketValidation
FNF:1
FNH:1
FNDA:4,multiBracketValidation
DA:4,4
DA:5,4
DA:6,4
DA:7,74
DA:8,2
DA:10,72
DA:11,72
DA:13,7
DA:14,7
DA:17,7
DA:18,7
DA:21,0
DA:22,0
DA:25,0
DA:26,0
DA:29,0
DA:30,0
DA:33,1
DA:34,1
DA:36,57
DA:40,4
DA:41,1
DA:43,3
DA:48,1
LF:24
LH:18
BRDA:7,0,0,2
BRDA:7,0,1,72
BRDA:7,1,0,74
BRDA:7,1,1,73
BRDA:7,1,2,73
BRDA:11,2,0,7
BRDA:11,2,1,7
BRDA:11,2,2,0
BRDA:11,2,3,0
BRDA:11,2,4,0
BRDA:11,2,5,1
BRDA:11,2,6,57
BRDA:40,3,0,1
BRDA:40,3,1,3
BRDA:40,4,0,4
BRDA:40,4,1,2
BRDA:40,4,2,2
BRF:17
BRH:14
end_of_record
TN:
SF:/Users/georgeraymond/Desktop/code.../codefellows/data-structures-and-algorithms/queueWithStacks/queue-with-stacks.js
FN:4,(anonymous_0)
FN:9,(anonymous_1)
FN:14,(anonymous_2)
FN:20,(anonymous_3)
FN:28,(anonymous_4)
FN:34,(anonymous_5)
FN:38,(anonymous_6)
FNF:7
FNH:6
FNDA:8,(anonymous_0)
FNDA:47,(anonymous_1)
FNDA:46,(anonymous_2)
FNDA:0,(anonymous_3)
FNDA:4,(anonymous_4)
FNDA:11,(anonymous_5)
FNDA:10,(anonymous_6)
DA:5,8
DA:6,8
DA:10,47
DA:11,47
DA:15,46
DA:16,46
DA:17,46
DA:21,0
DA:29,4
DA:30,4
DA:35,11
DA:39,10
DA:40,10
DA:41,23
DA:43,10
DA:44,10
DA:45,13
DA:47,10
DA:53,1
LF:19
LH:18
BRF:0
BRH:0
end_of_record
TN:
SF:/Users/georgeraymond/Desktop/code.../codefellows/data-structures-and-algorithms/quick-sort/quick-sort.js
FN:3,quickSort
FNF:1
FNH:1
FNDA:16,quickSort
DA:4,16
DA:5,9
DA:8,7
DA:9,7
DA:10,7
DA:11,7
DA:12,7
DA:14,7
DA:15,18
DA:16,9
DA:18,9
DA:22,7
DA:28,1
DA:30,1
DA:32,1
LF:15
LH:15
BRDA:4,0,0,9
BRDA:4,0,1,7
BRDA:15,1,0,9
BRDA:15,1,1,9
BRF:4
BRH:4
end_of_record
TN:
SF:/Users/georgeraymond/Desktop/code.../codefellows/data-structures-and-algorithms/stacksAndQueues/stacks-and-queues.js
FN:6,(anonymous_0)
FN:16,(anonymous_1)
FN:20,(anonymous_2)
FN:34,(anonymous_3)
FN:48,(anonymous_4)
FN:63,(anonymous_5)
FN:68,(anonymous_6)
FN:85,(anonymous_7)
FN:108,(anonymous_8)
FNF:9
FNH:1
FNDA:5,(anonymous_0)
FNDA:0,(anonymous_1)
FNDA:0,(anonymous_2)
FNDA:0,(anonymous_3)
FNDA:0,(anonymous_4)
FNDA:0,(anonymous_5)
FNDA:0,(anonymous_6)
FNDA:0,(anonymous_7)
FNDA:0,(anonymous_8)
DA:7,5
DA:8,5
DA:17,0
DA:22,0
DA:24,0
DA:25,0
DA:26,0
DA:29,0
DA:30,0
DA:36,0
DA:38,0
DA:42,0
DA:43,0
DA:44,0
DA:50,0
DA:52,0
DA:56,0
DA:64,0
DA:65,0
DA:70,0
DA:72,0
DA:74,0
DA:75,0
DA:76,0
DA:80,0
DA:81,0
DA:87,0
DA:88,0
DA:91,0
DA:93,0
DA:95,0
DA:96,0
DA:100,0
DA:104,0
DA:110,0
DA:111,0
DA:114,0
DA:119,1
LF:38
LH:3
BRDA:24,0,0,0
BRDA:24,0,1,0
BRDA:36,1,0,0
BRDA:36,1,1,0
BRDA:50,2,0,0
BRDA:50,2,1,0
BRDA:72,3,0,0
BRDA:72,3,1,0
BRDA:87,4,0,0
BRDA:87,4,1,0
BRDA:93,5,0,0
BRDA:93,5,1,0
BRDA:110,6,0,0
BRDA:110,6,1,0
BRF:14
BRH:0
end_of_record
TN:
SF:/Users/georgeraymond/Desktop/code.../codefellows/data-structures-and-algorithms/tree-intersect/tree-intersection.js
FN:3,intersection
FN:7,(anonymous_1)
FN:18,addToHash
FN:22,hashContains
FN:34,(anonymous_4)
FN:41,(anonymous_5)
FNF:6
FNH:6
FNDA:6,intersection
FNDA:26,(anonymous_1)
FNDA:16,addToHash
FNDA:8,hashContains
FNDA:24,(anonymous_4)
FNDA:7,(anonymous_5)
DA:4,6
DA:5,6
DA:7,6
DA:8,26
DA:9,26
DA:10,12
DA:12,24
DA:13,6
DA:15,24
DA:19,16
DA:23,8
DA:24,4
DA:27,6
DA:28,4
DA:30,2
DA:35,24
DA:42,7
DA:47,1
LF:18
LH:18
BRDA:9,0,0,12
BRDA:9,0,1,12
BRDA:12,1,0,6
BRDA:12,1,1,18
BRDA:23,2,0,4
BRDA:23,2,1,4
BRF:6
BRH:6
end_of_record
