TN:
SF:/Users/georgeraymond/Desktop/code.../codefellows/data-structures-and-algorithms/trees/trees.js
FN:4,(anonymous_0)
FN:12,(anonymous_1)
FN:16,(anonymous_2)
FN:18,(anonymous_3)
FN:33,(anonymous_4)
FN:35,(anonymous_5)
FN:49,(anonymous_6)
FN:51,(anonymous_7)
FN:64,(anonymous_8)
FN:81,fizzBuzzTree
FN:82,(anonymous_10)
FN:104,findMax
FN:106,(anonymous_12)
FNF:13
FNH:10
FNDA:24,(anonymous_0)
FNDA:4,(anonymous_1)
FNDA:1,(anonymous_2)
FNDA:6,(anonymous_3)
FNDA:2,(anonymous_4)
FNDA:12,(anonymous_5)
FNDA:0,(anonymous_6)
FNDA:0,(anonymous_7)
FNDA:0,(anonymous_8)
FNDA:1,fizzBuzzTree
FNDA:6,(anonymous_10)
FNDA:1,findMax
FNDA:6,(anonymous_12)
DA:5,24
DA:6,24
DA:7,24
DA:13,4
DA:17,1
DA:18,1
DA:20,6
DA:21,3
DA:23,6
DA:24,6
DA:25,2
DA:29,1
DA:30,1
DA:34,2
DA:35,2
DA:36,12
DA:37,12
DA:38,6
DA:40,12
DA:41,4
DA:45,2
DA:46,2
DA:50,0
DA:51,0
DA:52,0
DA:53,0
DA:55,0
DA:56,0
DA:58,0
DA:60,0
DA:61,0
DA:65,0
DA:66,0
DA:67,0
DA:68,0
DA:69,0
DA:71,0
DA:72,0
DA:74,0
DA:75,0
DA:82,1
DA:83,6
DA:84,3
DA:86,6
DA:87,2
DA:89,6
DA:90,1
DA:92,6
DA:93,1
DA:95,6
DA:96,1
DA:100,1
DA:101,1
DA:105,1
DA:106,1
DA:107,6
DA:108,3
DA:110,6
DA:111,3
DA:113,6
DA:114,2
DA:117,1
DA:118,1
DA:122,1
LF:64
LH:46
BRDA:20,0,0,3
BRDA:20,0,1,3
BRDA:24,1,0,2
BRDA:24,1,1,4
BRDA:37,2,0,6
BRDA:37,2,1,6
BRDA:40,3,0,4
BRDA:40,3,1,8
BRDA:52,4,0,0
BRDA:52,4,1,0
BRDA:55,5,0,0
BRDA:55,5,1,0
BRDA:68,6,0,0
BRDA:68,6,1,0
BRDA:71,7,0,0
BRDA:71,7,1,0
BRDA:83,8,0,3
BRDA:83,8,1,3
BRDA:86,9,0,2
BRDA:86,9,1,4
BRDA:89,10,0,1
BRDA:89,10,1,5
BRDA:92,11,0,1
BRDA:92,11,1,5
BRDA:95,12,0,1
BRDA:95,12,1,5
BRDA:107,13,0,3
BRDA:107,13,1,3
BRDA:110,14,0,3
BRDA:110,14,1,3
BRDA:113,15,0,2
BRDA:113,15,1,4
BRF:32
BRH:24
end_of_record
